<?xml version="1.0" encoding="UTF-8"?>
<coverage generated="1681764792196" clover="3.2.0">
  <project timestamp="1681764792196" name="All files">
    <metrics statements="12" coveredstatements="10" conditionals="5" coveredconditionals="3" methods="2" coveredmethods="1" elements="19" coveredelements="14" complexity="0" loc="12" ncloc="12" packages="1" files="1" classes="1"/>
    <file name="SuccessPage.tsx" path="/home/sean/Waitless/client/components/SuccessPage.tsx">
      <metrics statements="12" coveredstatements="10" conditionals="5" coveredconditionals="3" methods="2" coveredmethods="1"/>
      <line num="1" count="1" type="stmt"/>
      <line num="2" count="1" type="stmt"/>
      <line num="11" count="1" type="stmt"/>
      <line num="12" count="2" type="cond" truecount="1" falsecount="1"/>
      <line num="15" count="2" type="stmt"/>
      <line num="17" count="2" type="stmt"/>
      <line num="19" count="2" type="stmt"/>
      <line num="20" count="0" type="stmt"/>
      <line num="23" count="2" type="cond" truecount="1" falsecount="0"/>
      <line num="24" count="2" type="stmt"/>
      <line num="71" count="0" type="stmt"/>
      <line num="74" count="1" type="stmt"/>
    </file>
  </project>
</coverage>
