{"/home/sean/Waitless/client/components/SuccessPage.tsx": {"path":"/home/sean/Waitless/client/components/SuccessPage.tsx","statementMap":{"0":{"start":{"line":1,"column":0},"end":{"line":1,"column":39}},"1":{"start":{"line":2,"column":0},"end":{"line":2,"column":39}},"2":{"start":{"line":11,"column":20},"end":{"line":72,"column":1}},"3":{"start":{"line":12,"column":43},"end":{"line":14,"column":30}},"4":{"start":{"line":15,"column":26},"end":{"line":15,"column":41}},"5":{"start":{"line":17,"column":35},"end":{"line":17,"column":49}},"6":{"start":{"line":19,"column":34},"end":{"line":21,"column":3}},"7":{"start":{"line":20,"column":4},"end":{"line":20,"column":null}},"8":{"start":{"line":23,"column":2},"end":{"line":70,"column":null}},"9":{"start":{"line":24,"column":4},"end":{"line":69,"column":null}},"10":{"start":{"line":71,"column":2},"end":{"line":71,"column":null}},"11":{"start":{"line":74,"column":0},"end":{"line":74,"column":null}}},"fnMap":{"0":{"name":"(anonymous_0)","decl":{"start":{"line":11,"column":20},"end":{"line":11,"column":21}},"loc":{"start":{"line":11,"column":54},"end":{"line":72,"column":1}}},"1":{"name":"(anonymous_1)","decl":{"start":{"line":19,"column":34},"end":{"line":19,"column":37}},"loc":{"start":{"line":19,"column":39},"end":{"line":21,"column":3}}}},"branchMap":{"0":{"loc":{"start":{"line":12,"column":43},"end":{"line":14,"column":30}},"type":"binary-expr","locations":[{"start":{"line":12,"column":43},"end":{"line":13,"column":null}},{"start":{"line":14,"column":7},"end":{"line":14,"column":30}}]},"1":{"loc":{"start":{"line":23,"column":2},"end":{"line":70,"column":null}},"type":"if","locations":[{"start":{"line":23,"column":2},"end":{"line":70,"column":null}}]},"2":{"loc":{"start":{"line":29,"column":15},"end":{"line":47,"column":22}},"type":"cond-expr","locations":[{"start":{"line":30,"column":16},"end":{"line":45,"column":null}},{"start":{"line":47,"column":18},"end":{"line":47,"column":22}}]}},"s":{"0":1,"1":1,"2":1,"3":2,"4":2,"5":2,"6":2,"7":0,"8":2,"9":2,"10":0,"11":1},"f":{"0":2,"1":0},"b":{"0":[2,0],"1":[2],"2":[2,0]}}
}
