TN:
SF:client/components/Signup.tsx
FN:5,Signup
FN:14,(anonymous_1)
FN:22,(anonymous_2)
FN:49,(anonymous_3)
FN:63,orderNowClick
FNF:5
FNH:2
FNDA:4,Signup
FNDA:0,(anonymous_1)
FNDA:0,(anonymous_2)
FNDA:2,(anonymous_3)
FNDA:0,orderNowClick
DA:1,1
DA:2,1
DA:5,1
DA:7,4
DA:8,4
DA:14,4
DA:16,0
DA:22,4
DA:24,0
DA:26,0
DA:28,0
DA:47,4
DA:49,4
DA:51,2
DA:53,2
DA:55,2
DA:57,2
DA:58,0
DA:60,2
DA:64,0
DA:67,4
LF:21
LH:15
BRDA:26,0,0,0
BRDA:26,1,0,0
BRDA:26,1,1,0
BRDA:57,2,0,0
BRDA:57,2,1,2
BRDA:96,3,0,4
BRDA:96,3,1,4
BRF:7
BRH:3
end_of_record
